<?xml version="1.0" encoding="UTF-8"?>
<testsuite name="com.phonebook.tests.AddContactTests" tests="1" skipped="0" failures="0" errors="0" timestamp="2024-04-10T09:17:39" hostname="DESKTOP-HFLOAGK" time="2.832">
  <properties/>
  <testcase name="addContactPositiveTest" classname="com.phonebook.tests.AddContactTests" time="2.832"/>
  <system-out><![CDATA[]]></system-out>
  <system-err><![CDATA[]]></system-err>
</testsuite>
