<?xml version="1.0" encoding="UTF-8"?>
<testsuite name="com.phonebook.tests.LoginTest" tests="1" skipped="0" failures="0" errors="0" timestamp="2024-04-10T09:17:26" hostname="DESKTOP-HFLOAGK" time="1.422">
  <properties/>
  <testcase name="loginPositiveTest" classname="com.phonebook.tests.LoginTest" time="1.422"/>
  <system-out><![CDATA[]]></system-out>
  <system-err><![CDATA[]]></system-err>
</testsuite>
